./tensorflow/core/framework/allocation_description.proto
./tensorflow/core/framework/attr_value.proto
./tensorflow/core/framework/cost_graph.proto
./tensorflow/core/framework/device_attributes.proto
./tensorflow/core/framework/function.proto
./tensorflow/core/framework/graph.proto
./tensorflow/core/framework/kernel_def.proto
./tensorflow/core/framework/log_memory.proto
./tensorflow/core/framework/node_def.proto
./tensorflow/core/framework/op_def.proto
./tensorflow/core/framework/resource_handle.proto
./tensorflow/core/framework/step_stats.proto
./tensorflow/core/framework/summary.proto
./tensorflow/core/framework/tensor.proto
./tensorflow/core/framework/tensor_description.proto
./tensorflow/core/framework/tensor_shape.proto
./tensorflow/core/framework/tensor_slice.proto
./tensorflow/core/framework/types.proto
./tensorflow/core/framework/variable.proto
./tensorflow/core/framework/versions.proto
./tensorflow/core/kernels/cloud/bigquery_table_partition.proto
./tensorflow/core/kernels/reader_base.proto
./tensorflow/core/lib/core/error_codes.proto
./tensorflow/core/protobuf/config.proto
./tensorflow/core/protobuf/control_flow.proto
./tensorflow/core/protobuf/debug.proto
./tensorflow/core/protobuf/master.proto
./tensorflow/core/protobuf/master_service.proto
./tensorflow/core/protobuf/meta_graph.proto
./tensorflow/core/protobuf/named_tensor.proto
./tensorflow/core/protobuf/queue_runner.proto
./tensorflow/core/protobuf/saved_model.proto
./tensorflow/core/protobuf/saver.proto
./tensorflow/core/protobuf/tensor_bundle.proto
